0 info it worked if it ends with ok
1 verbose cli [ 'node', '/usr/local/bin/npm', 'install', '--global', 'gulp-cli' ]
2 info using npm@2.0.0
3 info using node@v0.10.32
4 verbose node symlink /usr/local/bin/node
5 verbose cache add [ 'gulp-cli', null ]
6 verbose cache add spec="gulp-cli" args=["gulp-cli",null]
7 verbose parsed spec { raw: 'gulp-cli',
7 verbose parsed spec   scope: null,
7 verbose parsed spec   name: 'gulp-cli',
7 verbose parsed spec   rawSpec: '',
7 verbose parsed spec   spec: '*',
7 verbose parsed spec   type: 'range' }
8 verbose parsed spec { raw: 'gulp-cli',
8 verbose parsed spec   scope: null,
8 verbose parsed spec   name: 'gulp-cli',
8 verbose parsed spec   rawSpec: '',
8 verbose parsed spec   spec: '*',
8 verbose parsed spec   type: 'range' }
9 verbose addNamed [ 'gulp-cli', '*' ]
10 verbose addNamed [ null, '*' ]
11 silly lockFile 90a82b42-gulp-cli gulp-cli@*
12 verbose lock gulp-cli@* /Users/ren/.npm/90a82b42-gulp-cli.lock
13 silly addNameRange { name: 'gulp-cli', range: '*', hasData: false }
14 verbose mapToRegistry name gulp-cli
15 verbose mapToRegistry uri https://registry.npmjs.org/gulp-cli
16 verbose request on initialization, where is /gulp-cli
17 verbose request after pass 1, where is /gulp-cli
18 verbose request url raw /gulp-cli
19 verbose request resolving registry [ 'https://registry.npmjs.org/', './gulp-cli' ]
20 verbose request after pass 2, where is https://registry.npmjs.org/gulp-cli
21 verbose request no auth needed
22 info attempt registry request try #1 at 16:05:42
23 verbose request id 1810275ffbe5a917
24 http request GET https://registry.npmjs.org/gulp-cli
25 http 200 https://registry.npmjs.org/gulp-cli
26 silly registry.get cb [ 200,
26 silly registry.get   { server: 'nginx/1.10.1',
26 silly registry.get     'content-type': 'application/json',
26 silly registry.get     'last-modified': 'Fri, 09 Dec 2016 15:16:13 GMT',
26 silly registry.get     etag: 'W/"584acabd-7866"',
26 silly registry.get     'content-encoding': 'gzip',
26 silly registry.get     'cache-control': 'max-age=300',
26 silly registry.get     'content-length': '5276',
26 silly registry.get     'accept-ranges': 'bytes',
26 silly registry.get     date: 'Tue, 20 Dec 2016 13:05:42 GMT',
26 silly registry.get     via: '1.1 varnish',
26 silly registry.get     age: '245',
26 silly registry.get     connection: 'keep-alive',
26 silly registry.get     'x-served-by': 'cache-hhn1549-HHN',
26 silly registry.get     'x-cache': 'HIT',
26 silly registry.get     'x-cache-hits': '1',
26 silly registry.get     'x-timer': 'S1482239142.772390,VS0,VE0',
26 silly registry.get     vary: 'Accept-Encoding' } ]
27 silly addNameRange number 2 { name: 'gulp-cli', range: '*', hasData: true }
28 silly addNameRange versions [ 'gulp-cli',
28 silly addNameRange   [ '0.1.0',
28 silly addNameRange     '0.1.3',
28 silly addNameRange     '0.1.4',
28 silly addNameRange     '0.1.5',
28 silly addNameRange     '0.2.0',
28 silly addNameRange     '0.3.0',
28 silly addNameRange     '1.0.0',
28 silly addNameRange     '1.1.0',
28 silly addNameRange     '1.1.1',
28 silly addNameRange     '1.2.0',
28 silly addNameRange     '1.2.1',
28 silly addNameRange     '1.2.2' ] ]
29 verbose addNamed [ 'gulp-cli', '1.2.2' ]
30 verbose addNamed [ '1.2.2', '1.2.2' ]
31 silly lockFile 1d83d31a-gulp-cli-1-2-2 gulp-cli@1.2.2
32 verbose lock gulp-cli@1.2.2 /Users/ren/.npm/1d83d31a-gulp-cli-1-2-2.lock
33 silly lockFile 12f1da6e--org-gulp-cli-gulp-cli-1-2-2-tgz https://registry.npmjs.org/gulp-cli/-/gulp-cli-1.2.2.tgz
34 verbose lock https://registry.npmjs.org/gulp-cli/-/gulp-cli-1.2.2.tgz /Users/ren/.npm/12f1da6e--org-gulp-cli-gulp-cli-1-2-2-tgz.lock
35 verbose addRemoteTarball [ 'https://registry.npmjs.org/gulp-cli/-/gulp-cli-1.2.2.tgz',
35 verbose addRemoteTarball   '7392def6316c6e7939a4f296f3f540151ae3a275' ]
36 info retry fetch attempt 1 at 16:05:42
37 info attempt registry request try #1 at 16:05:42
38 http fetch GET https://registry.npmjs.org/gulp-cli/-/gulp-cli-1.2.2.tgz
39 http fetch 200 https://registry.npmjs.org/gulp-cli/-/gulp-cli-1.2.2.tgz
40 silly fetchAndShaCheck shasum 7392def6316c6e7939a4f296f3f540151ae3a275
41 silly lockFile 12f1da6e--org-gulp-cli-gulp-cli-1-2-2-tgz https://registry.npmjs.org/gulp-cli/-/gulp-cli-1.2.2.tgz
42 silly lockFile 12f1da6e--org-gulp-cli-gulp-cli-1-2-2-tgz https://registry.npmjs.org/gulp-cli/-/gulp-cli-1.2.2.tgz
43 silly lockFile 1d83d31a-gulp-cli-1-2-2 gulp-cli@1.2.2
44 silly lockFile 1d83d31a-gulp-cli-1-2-2 gulp-cli@1.2.2
45 silly lockFile 90a82b42-gulp-cli gulp-cli@*
46 silly lockFile 90a82b42-gulp-cli gulp-cli@*
47 silly resolved [ { name: 'gulp-cli',
47 silly resolved     version: '1.2.2',
47 silly resolved     description: 'Command line interface for gulp',
47 silly resolved     author:
47 silly resolved      { name: 'Gulp Team',
47 silly resolved        email: 'team@gulpjs.com',
47 silly resolved        url: 'http://gulpjs.com/' },
47 silly resolved     contributors: [],
47 silly resolved     homepage: 'http://gulpjs.com',
47 silly resolved     repository:
47 silly resolved      { type: 'git',
47 silly resolved        url: 'git+https://github.com/gulpjs/gulp-cli.git' },
47 silly resolved     license: 'MIT',
47 silly resolved     man: [ 'gulp.1' ],
47 silly resolved     engines: { node: '>= 0.10' },
47 silly resolved     main: 'index.js',
47 silly resolved     bin: { gulp: 'bin/gulp.js' },
47 silly resolved     files: [ 'index.js', 'lib', 'bin', 'completion', 'gulp.1' ],
47 silly resolved     scripts:
47 silly resolved      { coveralls: 'lab -r lcov | coveralls',
47 silly resolved        lint: 'eslint . && jscs index.js bin/ lib/ test/',
47 silly resolved        prepublish: 'marked-man --name gulp docs/CLI.md > gulp.1',
47 silly resolved        pretest: 'npm run lint',
47 silly resolved        test: 'lab test/*.js -cv -I Reflect',
47 silly resolved        changelog: 'github-changes -o gulpjs -r gulp-cli -b master -f ./CHANGELOG.md --order-semver --use-commit-body' },
47 silly resolved     dependencies:
47 silly resolved      { archy: '^1.0.0',
47 silly resolved        chalk: '^1.1.0',
47 silly resolved        'fancy-log': '^1.1.0',
47 silly resolved        gulplog: '^1.0.0',
47 silly resolved        interpret: '^1.0.0',
47 silly resolved        liftoff: '^2.1.0',
47 silly resolved        'lodash.isfunction': '^3.0.8',
47 silly resolved        'lodash.isplainobject': '^4.0.4',
47 silly resolved        'lodash.isstring': '^4.0.1',
47 silly resolved        'lodash.sortby': '^4.5.0',
47 silly resolved        matchdep: '^1.0.0',
47 silly resolved        'mute-stdout': '^1.0.0',
47 silly resolved        'pretty-hrtime': '^1.0.0',
47 silly resolved        'semver-greatest-satisfied-range': '^1.0.0',
47 silly resolved        tildify: '^1.0.0',
47 silly resolved        v8flags: '^2.0.9',
47 silly resolved        wreck: '^6.3.0',
47 silly resolved        yargs: '^3.28.0' },
47 silly resolved     devDependencies:
47 silly resolved      { 'babel-preset-es2015': '^6.5.0',
47 silly resolved        'babel-register': '^6.5.1',
47 silly resolved        code: '^1.2.1',
47 silly resolved        coveralls: '^2.7.0',
47 silly resolved        eslint: '^1.7.3',
47 silly resolved        'eslint-config-gulp': '^2.0.0',
47 silly resolved        'fs-extra': '^0.26.1',
47 silly resolved        'github-changes': '^1.0.1',
47 silly resolved        gulp: 'github:gulpjs/gulp#4.0',
47 silly resolved        jscs: '^2.3.5',
47 silly resolved        'jscs-preset-gulp': '^1.0.0',
47 silly resolved        lab: '^6.2.0',
47 silly resolved        'marked-man': '^0.1.3' },
47 silly resolved     keywords: [ 'build', 'stream', 'system', 'make', 'tool', 'asset', 'pipeline' ],
47 silly resolved     gitHead: '51b301a043bd5617465fbb73ced86bf2c35a1924',
47 silly resolved     bugs: { url: 'https://github.com/gulpjs/gulp-cli/issues' },
47 silly resolved     _id: 'gulp-cli@1.2.2',
47 silly resolved     _shasum: '7392def6316c6e7939a4f296f3f540151ae3a275',
47 silly resolved     _from: 'gulp-cli@*',
47 silly resolved     _npmVersion: '2.15.2',
47 silly resolved     _nodeVersion: '0.10.41',
47 silly resolved     _npmUser: { name: 'phated', email: 'blaine.bublitz@gmail.com' },
47 silly resolved     maintainers: [ [Object], [Object], [Object] ],
47 silly resolved     dist:
47 silly resolved      { shasum: '7392def6316c6e7939a4f296f3f540151ae3a275',
47 silly resolved        tarball: 'https://registry.npmjs.org/gulp-cli/-/gulp-cli-1.2.2.tgz' },
47 silly resolved     _npmOperationalInternal:
47 silly resolved      { host: 'packages-16-east.internal.npmjs.com',
47 silly resolved        tmp: 'tmp/gulp-cli-1.2.2.tgz_1468605495802_0.5796305062249303' },
47 silly resolved     directories: {},
47 silly resolved     _resolved: 'https://registry.npmjs.org/gulp-cli/-/gulp-cli-1.2.2.tgz' } ]
48 info install gulp-cli@1.2.2 into /usr/local/lib
49 info installOne gulp-cli@1.2.2
50 verbose lib/node_modules/gulp-cli unbuild
51 verbose gentlyRm vacuuming /usr/local/lib/node_modules/gulp-cli
52 verbose tar unpack /Users/ren/.npm/gulp-cli/1.2.2/package.tgz
53 silly lockFile 61ed2849--local-lib-node-modules-gulp-cli tar:///usr/local/lib/node_modules/gulp-cli
54 verbose lock tar:///usr/local/lib/node_modules/gulp-cli /Users/ren/.npm/61ed2849--local-lib-node-modules-gulp-cli.lock
55 silly lockFile 5b8b6e96-n-npm-gulp-cli-1-2-2-package-tgz tar:///Users/ren/.npm/gulp-cli/1.2.2/package.tgz
56 verbose lock tar:///Users/ren/.npm/gulp-cli/1.2.2/package.tgz /Users/ren/.npm/5b8b6e96-n-npm-gulp-cli-1-2-2-package-tgz.lock
57 verbose gentlyRm vacuuming /usr/local/lib/node_modules/gulp-cli
58 silly gunzTarPerm modes [ '755', '644' ]
59 verbose fstream_path /usr/local/lib/node_modules/gulp-cli
60 verbose fstream_type Directory
61 verbose fstream_class DirWriter
62 verbose stack Error: EACCES, mkdir '/usr/local/lib/node_modules/gulp-cli'
63 verbose fstream_stack /usr/local/lib/node_modules/npm/node_modules/fstream/lib/dir-writer.js:36:23
63 verbose fstream_stack /usr/local/lib/node_modules/npm/node_modules/mkdirp/index.js:46:53
63 verbose fstream_stack Object.oncomplete (fs.js:107:15)
64 verbose cwd /Users/ren/Desktop/chatapp
65 error Darwin 13.4.0
66 error argv "node" "/usr/local/bin/npm" "install" "--global" "gulp-cli"
67 error node v0.10.32
68 error npm  v2.0.0
69 error path /usr/local/lib/node_modules/gulp-cli
70 error code EACCES
71 error errno 3
72 error Error: EACCES, mkdir '/usr/local/lib/node_modules/gulp-cli'
72 error  { [Error: EACCES, mkdir '/usr/local/lib/node_modules/gulp-cli']
72 error   errno: 3,
72 error   code: 'EACCES',
72 error   path: '/usr/local/lib/node_modules/gulp-cli',
72 error   fstream_type: 'Directory',
72 error   fstream_path: '/usr/local/lib/node_modules/gulp-cli',
72 error   fstream_class: 'DirWriter',
72 error   fstream_stack:
72 error    [ '/usr/local/lib/node_modules/npm/node_modules/fstream/lib/dir-writer.js:36:23',
72 error      '/usr/local/lib/node_modules/npm/node_modules/mkdirp/index.js:46:53',
72 error      'Object.oncomplete (fs.js:107:15)' ] }
73 error Please try running this command again as root/Administrator.
74 verbose exit [ 3, true ]
